2022-11-02 08:45:24,103 [INFO] from play.api.db.DefaultDBApi in play-dev-mode-akka.actor.default-dispatcher-4 - Database [default] initialized
2022-11-02 08:45:24,114 [INFO] from play.api.db.HikariCPConnectionPool in play-dev-mode-akka.actor.default-dispatcher-4 - Creating Pool for datasource 'default'
2022-11-02 08:45:24,114 [INFO] from com.zaxxer.hikari.HikariDataSource in play-dev-mode-akka.actor.default-dispatcher-4 - HikariPool-1 - Starting...
2022-11-02 08:45:24,147 [INFO] from com.zaxxer.hikari.HikariDataSource in play-dev-mode-akka.actor.default-dispatcher-4 - HikariPool-1 - Start completed.
2022-11-02 08:45:24,159 [INFO] from akka.event.slf4j.Slf4jLogger in application-akka.actor.default-dispatcher-6 - Slf4jLogger started
2022-11-02 08:45:24,217 [INFO] from io.avaje.config in play-dev-mode-akka.actor.default-dispatcher-4 - Loaded properties from [] 
2022-11-02 08:45:24,414 [INFO] from org.reflections.Reflections in play-dev-mode-akka.actor.default-dispatcher-4 - Reflections took 134 ms to scan 2 urls, producing 49 keys and 2659 values
2022-11-02 08:45:24,454 [INFO] from io.ebean in play-dev-mode-akka.actor.default-dispatcher-4 - ebean version: unknown
2022-11-02 08:45:24,994 [INFO] from io.ebean.core in play-dev-mode-akka.actor.default-dispatcher-4 - Started database[default] platform[MYSQL] in 540ms
2022-11-02 08:45:25,254 [INFO] from play.api.cache.redis in play-dev-mode-akka.actor.default-dispatcher-4 - Redis cache actor started. It is connected to 127.0.0.1:6379?database=1
2022-11-02 08:45:25,286 [INFO] from redis.actors.RedisClientActor in application-akka.actor.default-dispatcher-6 - Connect to /127.0.0.1:6379
2022-11-02 08:45:25,323 [INFO] from redis.actors.RedisClientActor in application-akka.actor.default-dispatcher-6 - Connected to ieonline.microsoft.com/127.0.0.1:6379
2022-11-02 08:45:25,511 [INFO] from services.FixedTimeExecutor in pool-12-thread-1 - schedule
2022-11-02 08:45:25,705 [INFO] from play.api.Play in play-dev-mode-akka.actor.default-dispatcher-4 - Application started (Dev) (no global state)
2022-11-02 16:24:59,891 [INFO] from play.api.internal.libs.concurrent.CoordinatedShutdownSupport in pool-8-thread-1 - Starting synchronous coordinated shutdown with ServerStoppedReason reason and 35000 milliseconds timeout
2022-11-02 16:24:59,892 [INFO] from akka.actor.CoordinatedShutdown in play-dev-mode-akka.actor.default-dispatcher-35 - Running CoordinatedShutdown with reason [ServerStoppedReason]
2022-11-02 16:24:59,894 [INFO] from play.core.server.AkkaHttpServer in pool-8-thread-1 - Stopping Akka HTTP server...
2022-11-02 16:24:59,903 [INFO] from play.core.server.AkkaHttpServer in play-dev-mode-akka.actor.internal-dispatcher-36 - Terminating server binding for /[0:0:0:0:0:0:0:0]:9000
2022-11-02 16:24:59,913 [INFO] from akka.actor.CoordinatedShutdown in application-akka.actor.default-dispatcher-15 - Running CoordinatedShutdown with reason [ApplicationStoppedReason]
2022-11-02 16:24:59,927 [INFO] from play.api.cache.redis in application-akka.actor.internal-dispatcher-16 - Stopping the redis cache actor ...
2022-11-02 16:24:59,928 [INFO] from play.api.cache.redis in application-akka.actor.internal-dispatcher-16 - Redis cache stopped.
2022-11-02 16:24:59,932 [INFO] from play.api.db.HikariCPConnectionPool in application-akka.actor.internal-dispatcher-16 - Shutting down connection pool.
2022-11-02 16:24:59,934 [INFO] from com.zaxxer.hikari.HikariDataSource in application-akka.actor.internal-dispatcher-16 - HikariPool-1 - Shutdown initiated...
2022-11-02 16:24:59,935 [INFO] from redis.actors.RedisClientActor in application-akka.actor.default-dispatcher-15 - RedisWorkerIO stop
2022-11-02 16:24:59,943 [INFO] from com.zaxxer.hikari.HikariDataSource in application-akka.actor.internal-dispatcher-16 - HikariPool-1 - Shutdown completed.
2022-11-02 16:24:59,964 [INFO] from play.core.server.AkkaHttpServer in play-dev-mode-akka.actor.internal-dispatcher-40 - Running provided shutdown stop hooks
